<?xml version="1.0" encoding="UTF-8"?>
<testng-results ignored="0" total="1" passed="1" failed="0" skipped="0">
  <reporter-output>
  </reporter-output>
  <suite started-at="2023-10-26T08:17:26 IST" name="Default suite" finished-at="2023-10-26T08:17:31 IST" duration-ms="5006">
    <groups>
      <group name="smoke">
        <method signature="PushNotificationsTest.verifyPushNotification()[pri:0, instance:com.sevenmartsupermarket.tests.PushNotificationsTest@235ecd9f]" name="verifyPushNotification" class="com.sevenmartsupermarket.tests.PushNotificationsTest"/>
      </group> <!-- smoke -->
      <group name="sanity">
        <method signature="PushNotificationsTest.verifyPushNotification()[pri:0, instance:com.sevenmartsupermarket.tests.PushNotificationsTest@235ecd9f]" name="verifyPushNotification" class="com.sevenmartsupermarket.tests.PushNotificationsTest"/>
      </group> <!-- sanity -->
    </groups>
    <test started-at="2023-10-26T08:17:26 IST" name="Default test" finished-at="2023-10-26T08:17:31 IST" duration-ms="5006">
      <class name="com.sevenmartsupermarket.tests.PushNotificationsTest">
        <test-method is-config="true" signature="launchBrowser()[pri:0, instance:com.sevenmartsupermarket.tests.PushNotificationsTest@235ecd9f]" started-at="2023-10-26T08:17:26 IST" name="launchBrowser" finished-at="2023-10-26T08:17:28 IST" duration-ms="2601" status="PASS">
          <reporter-output>
          </reporter-output>
        </test-method> <!-- launchBrowser -->
        <test-method signature="verifyPushNotification()[pri:0, instance:com.sevenmartsupermarket.tests.PushNotificationsTest@235ecd9f]" started-at="2023-10-26T08:17:28 IST" name="verifyPushNotification" finished-at="2023-10-26T08:17:31 IST" duration-ms="2360" status="PASS">
          <reporter-output>
          </reporter-output>
        </test-method> <!-- verifyPushNotification -->
        <test-method is-config="true" signature="terminateSession(org.testng.ITestResult)[pri:0, instance:com.sevenmartsupermarket.tests.PushNotificationsTest@235ecd9f]" started-at="2023-10-26T08:17:31 IST" name="terminateSession" finished-at="2023-10-26T08:17:31 IST" duration-ms="2" status="PASS">
          <params>
            <param index="0">
              <value>
                <![CDATA[[TestResult name=verifyPushNotification status=SUCCESS method=PushNotificationsTest.verifyPushNotification()[pri:0, instance:com.sevenmartsupermarket.tests.PushNotificationsTest@235ecd9f] output={null}]]]>
              </value>
            </param>
          </params>
          <reporter-output>
          </reporter-output>
        </test-method> <!-- terminateSession -->
      </class> <!-- com.sevenmartsupermarket.tests.PushNotificationsTest -->
    </test> <!-- Default test -->
  </suite> <!-- Default suite -->
</testng-results>
