<?xml version="1.0" encoding="UTF-8"?>
<testng-results ignored="0" total="1" passed="1" failed="0" skipped="0">
  <reporter-output>
  </reporter-output>
  <suite started-at="2023-10-21T08:52:41 IST" name="Default suite" finished-at="2023-10-21T08:52:46 IST" duration-ms="5011">
    <groups>
    </groups>
    <test started-at="2023-10-21T08:52:41 IST" name="Default test" finished-at="2023-10-21T08:52:46 IST" duration-ms="5011">
      <class name="com.sevenmartsupermarket.tests.AdminUsersTest">
        <test-method is-config="true" signature="launchBrowser()[pri:0, instance:com.sevenmartsupermarket.tests.AdminUsersTest@235ecd9f]" started-at="2023-10-21T08:52:41 IST" name="launchBrowser" finished-at="2023-10-21T08:52:44 IST" duration-ms="2660" status="PASS">
          <reporter-output>
          </reporter-output>
        </test-method> <!-- launchBrowser -->
        <test-method signature="verifyUserDeactivator()[pri:0, instance:com.sevenmartsupermarket.tests.AdminUsersTest@235ecd9f]" started-at="2023-10-21T08:52:44 IST" name="verifyUserDeactivator" finished-at="2023-10-21T08:52:46 IST" duration-ms="2314" status="PASS">
          <reporter-output>
          </reporter-output>
        </test-method> <!-- verifyUserDeactivator -->
        <test-method is-config="true" signature="terminateSession(org.testng.ITestResult)[pri:0, instance:com.sevenmartsupermarket.tests.AdminUsersTest@235ecd9f]" started-at="2023-10-21T08:52:46 IST" name="terminateSession" finished-at="2023-10-21T08:52:46 IST" duration-ms="2" status="PASS">
          <params>
            <param index="0">
              <value>
                <![CDATA[[TestResult name=verifyUserDeactivator status=SUCCESS method=AdminUsersTest.verifyUserDeactivator()[pri:0, instance:com.sevenmartsupermarket.tests.AdminUsersTest@235ecd9f] output={null}]]]>
              </value>
            </param>
          </params>
          <reporter-output>
          </reporter-output>
        </test-method> <!-- terminateSession -->
      </class> <!-- com.sevenmartsupermarket.tests.AdminUsersTest -->
    </test> <!-- Default test -->
  </suite> <!-- Default suite -->
</testng-results>
