<?xml version="1.0" encoding="UTF-8"?>
<!-- Generated by org.testng.reporters.JUnitXMLReporter -->
<testsuite ignored="0" hostname="LAPTOP-68UKKPJO" failures="0" tests="2" name="GroupSanityRun" time="6.818" errors="0" timestamp="2023-10-20T09:43:48 IST">
  <testcase classname="com.sevenmartsupermarket.tests.LoginTest" name="verifyLogin" time="0.52"/>
  <testcase classname="com.sevenmartsupermarket.tests.PushNotificationsTest" name="verifyPushNotification" time="2.144"/>
</testsuite> <!-- GroupSanityRun -->
