<?xml version="1.0" encoding="UTF-8"?>
<!-- Generated by org.testng.reporters.JUnitXMLReporter -->
<testsuite ignored="1" hostname="LAPTOP-68UKKPJO" failures="0" tests="1" name="sanity" time="2.888" errors="0" timestamp="2023-10-20T09:34:41 IST">
  <testcase classname="com.sevenmartsupermarket.tests.LoginTest" name="verifyLogin" time="0.519"/>
  <testcase classname="com.sevenmartsupermarket.tests.PushNotificationsTest" name="verifyPushNotification" time="0.0">
    <ignored/>
  </testcase> <!-- verifyPushNotification -->
</testsuite> <!-- sanity -->
