<?xml version="1.0" encoding="UTF-8"?>
<!-- Generated by org.testng.reporters.JUnitXMLReporter -->
<testsuite ignored="1" hostname="LAPTOP-68UKKPJO" failures="0" tests="1" name="Default test" time="5.011" errors="0" timestamp="2023-10-21T08:52:46 IST">
  <testcase classname="com.sevenmartsupermarket.tests.AdminUsersTest" name="verifyUserDeactivator" time="2.314"/>
  <testcase classname="com.sevenmartsupermarket.tests.AdminUsersTest" name="verifyAdminUsersPage" time="0.0">
    <ignored/>
  </testcase> <!-- verifyAdminUsersPage -->
</testsuite> <!-- Default test -->
